<?xml version="1.0" encoding="UTF-8"?>
<testng-results skipped="0" failed="0" total="1" passed="1">
  <reporter-output>
  </reporter-output>
  <suite name="Suite" duration-ms="21" started-at="2020-01-27T20:33:36Z" finished-at="2020-01-27T20:33:36Z">
    <groups>
    </groups>
    <test name="Test" duration-ms="21" started-at="2020-01-27T20:33:36Z" finished-at="2020-01-27T20:33:36Z">
      <class name="gitDemo.GitDemo">
        <test-method status="PASS" signature="SampleTest()[pri:0, instance:gitDemo.GitDemo@22a71081]" name="SampleTest" duration-ms="8" started-at="2020-01-28T02:03:36Z" finished-at="2020-01-28T02:03:36Z">
          <reporter-output>
          </reporter-output>
        </test-method> <!-- SampleTest -->
      </class> <!-- gitDemo.GitDemo -->
    </test> <!-- Test -->
  </suite> <!-- Suite -->
</testng-results>
